This is pdfTeX, Version 3.141592653-2.6-1.40.24 (TeX Live 2022) (preloaded format=latex 2023.1.11)  13 JAN 2023 15:41
entering extended mode
 restricted \write18 enabled.
 %&-line parsing enabled.
**fdumath.ins
(./fdumath.ins
LaTeX2e <2022-11-01> patch level 1
L3 programming layer <2022-12-17>
(/usr/local/texlive/2022/texmf-dist/tex/generic/ctex/ctxdocstrip.tex
(/usr/local/texlive/2022/texmf-dist/tex/latex/l3kernel/l3docstrip.tex
(/usr/local/texlive/2022/texmf-dist/tex/latex/base/docstrip.tex
\blockLevel=\count185
\emptyLines=\count186
\processedLines=\count187
\commentsRemoved=\count188
\commentsPassed=\count189
\codeLinesPassed=\count190
\TotalprocessedLines=\count191
\TotalcommentsRemoved=\count192
\TotalcommentsPassed=\count193
\TotalcodeLinesPassed=\count194
\NumberOfFiles=\count195
\inFile=\read2
\inputcheck=\read3
\off@0=\count196
\off@1=\count197
\off@2=\count198
\off@3=\count199
\off@4=\count266
\off@5=\count267
\off@6=\count268
\off@7=\count269
\off@8=\count270
\off@9=\count271
\off@10=\count272
\off@11=\count273
\off@12=\count274
\off@13=\count275
\off@14=\count276
\off@15=\count277
\@maxfiles=\count278
\@maxoutfiles=\count279

Utility: `docstrip' v2.6b <2022-09-03>
English documentation    <2022-09-03>

**********************************************************
* This program converts documented macro-files into fast *
* loadable files by stripping off (nearly) all comments! *
**********************************************************

********************************************************
* No Configuration file found, using default settings. *
********************************************************

)))

Generating file(s) ./fdumath-article.cls ./README.md 
\openout0 = `./fdumath-article.cls'.

\openout1 = `./README.md'.


Processing file fdumath.dtx (class,article) -> fdumath-article.cls
                            (readme) -> README.md
File fdumath.dtx ended by \endinput.
Lines  processed: 234
Comments removed: 76
Comments  passed: 7
Codelines passed: 139

*************************************************************
*                                                           *
* To finish the installation you have to move the following *
* file into proper directories searched by TeX:             *
*                                                           *
* The recommended directory is TDS:tex/latex/fdumath        *
*                                                           *
*     fdumath-article.cls                                   *
*     fdumath-exercise.cls                                  *
*     fdumath-assignment.cls                                *
*     fdumath-exam.cls                                      *
*     fdumath-thesis.cls                                    *
*     fdumath-book.cls                                      *
*     fdumath-report.cls                                    *
*     fdumath-beamer.cls                                    *
*                                                           *
* To produce the documentation run the file fdumath.dtx     *
* through XeLaTeX.                                          *
*                                                           *
* Happy TeXing!                                             *
*                                                           *
*************************************************************
 ) 
Here is how much of TeX's memory you used:
 357 strings out of 476094
 4122 string characters out of 5791611
 1848790 words of memory out of 5000000
 20822 multiletter control sequences out of 15000+600000
 512287 words of font info for 32 fonts, out of 8000000 for 9000
 1141 hyphenation exceptions out of 8191
 13i,0n,15p,155b,138s stack positions out of 10000i,1000n,20000p,200000b,200000s

No pages of output.
